<?xml version="1.0" encoding="UTF-8"?>
<!-- Generated by org.testng.reporters.JUnitReportReporter -->
<testsuite hostname="LAPTOP-Q3LTTOU9" failures="0" tests="5" name="com.InterestAmount.testSuites.HomeLoanEMI_TestCase" time="13.778" errors="0" timestamp="2021-07-15T17:32:52 IST" skipped="0">
  <testcase classname="com.InterestAmount.testSuites.HomeLoanEMI_TestCase" name="testopenBrowser" time="5.448"/>
  <system-out/>
  <testcase classname="com.InterestAmount.testSuites.HomeLoanEMI_TestCase" name="testdataexport" time="3.620"/>
  <system-out/>
  <testcase classname="com.InterestAmount.testSuites.HomeLoanEMI_TestCase" name="testHomeEmi" time="4.159"/>
  <system-out/>
  <testcase classname="com.InterestAmount.testSuites.HomeLoanEMI_TestCase" name="close" time="0.458"/>
  <system-out/>
  <testcase classname="com.InterestAmount.testSuites.HomeLoanEMI_TestCase" name="endReport" time="0.093"/>
  <system-out/>
</testsuite> <!-- com.InterestAmount.testSuites.HomeLoanEMI_TestCase -->
