<?xml version="1.0" encoding="UTF-8"?>
<!-- Generated by org.testng.reporters.JUnitReportReporter -->
<testsuite hostname="LAPTOP-Q3LTTOU9" failures="0" tests="15" name="com.InterestAmount.testSuites.LoanAmountCalculatorUICheck_TestCase" time="8.044" errors="0" timestamp="2021-07-15T17:32:52 IST" skipped="0">
  <testcase classname="com.InterestAmount.testSuites.LoanAmountCalculatorUICheck_TestCase" name="testloancalcnavigate" time="4.403"/>
  <system-out/>
  <testcase classname="com.InterestAmount.testSuites.LoanAmountCalculatorUICheck_TestCase" name="testloantermtextbox" time="0.143"/>
  <system-out/>
  <testcase classname="com.InterestAmount.testSuites.LoanAmountCalculatorUICheck_TestCase" name="testEMItextbox" time="0.175"/>
  <system-out/>
  <testcase classname="com.InterestAmount.testSuites.LoanAmountCalculatorUICheck_TestCase" name="testloantermslider" time="0.080"/>
  <system-out/>
  <testcase classname="com.InterestAmount.testSuites.LoanAmountCalculatorUICheck_TestCase" name="testEMIslidercheck" time="0.826"/>
  <system-out/>
  <testcase classname="com.InterestAmount.testSuites.LoanAmountCalculatorUICheck_TestCase" name="testinterestrateslidercheck" time="0.473"/>
  <system-out/>
  <testcase classname="com.InterestAmount.testSuites.LoanAmountCalculatorUICheck_TestCase" name="testinterestratetextbox" time="0.113"/>
  <system-out/>
  <testcase classname="com.InterestAmount.testSuites.LoanAmountCalculatorUICheck_TestCase" name="testloantermslidercheck" time="0.443"/>
  <system-out/>
  <testcase classname="com.InterestAmount.testSuites.LoanAmountCalculatorUICheck_TestCase" name="testfeeChargeSlidercheck" time="0.497"/>
  <system-out/>
  <testcase classname="com.InterestAmount.testSuites.LoanAmountCalculatorUICheck_TestCase" name="testEMIslider" time="0.272"/>
  <system-out/>
  <testcase classname="com.InterestAmount.testSuites.LoanAmountCalculatorUICheck_TestCase" name="testinterestrateslider" time="0.085"/>
  <system-out/>
  <testcase classname="com.InterestAmount.testSuites.LoanAmountCalculatorUICheck_TestCase" name="testfeechargesslider" time="0.094"/>
  <system-out/>
  <testcase classname="com.InterestAmount.testSuites.LoanAmountCalculatorUICheck_TestCase" name="testfeechargestextbox" time="0.095"/>
  <system-out/>
  <testcase classname="com.InterestAmount.testSuites.LoanAmountCalculatorUICheck_TestCase" name="close" time="0.247"/>
  <system-out/>
  <testcase classname="com.InterestAmount.testSuites.LoanAmountCalculatorUICheck_TestCase" name="endReport" time="0.098"/>
  <system-out/>
</testsuite> <!-- com.InterestAmount.testSuites.LoanAmountCalculatorUICheck_TestCase -->
