<?xml version="1.0" encoding="UTF-8"?>
<!-- Generated by org.testng.reporters.JUnitReportReporter -->
<testsuite hostname="LAPTOP-Q3LTTOU9" failures="0" tests="16" name="com.InterestAmount.testSuites.LoanTenureCalculatorUICheck_TestCase" time="13.107" errors="0" timestamp="2021-07-15T17:32:52 IST" skipped="0">
  <testcase classname="com.InterestAmount.testSuites.LoanTenureCalculatorUICheck_TestCase" name="openBrowsertestCase" time="5.315"/>
  <system-out/>
  <testcase classname="com.InterestAmount.testSuites.LoanTenureCalculatorUICheck_TestCase" name="testLoanTenureNavigate" time="4.503"/>
  <system-out/>
  <testcase classname="com.InterestAmount.testSuites.LoanTenureCalculatorUICheck_TestCase" name="testEMITextBox" time="0.134"/>
  <system-out/>
  <testcase classname="com.InterestAmount.testSuites.LoanTenureCalculatorUICheck_TestCase" name="testLoanTermSlider" time="0.092"/>
  <system-out/>
  <testcase classname="com.InterestAmount.testSuites.LoanTenureCalculatorUICheck_TestCase" name="testLoanAmountSlider" time="0.063"/>
  <system-out/>
  <testcase classname="com.InterestAmount.testSuites.LoanTenureCalculatorUICheck_TestCase" name="testFeeChargesTextBox" time="0.077"/>
  <system-out/>
  <testcase classname="com.InterestAmount.testSuites.LoanTenureCalculatorUICheck_TestCase" name="testLoanTermSliderCheck" time="0.477"/>
  <system-out/>
  <testcase classname="com.InterestAmount.testSuites.LoanTenureCalculatorUICheck_TestCase" name="testEMISliderCheck" time="0.509"/>
  <system-out/>
  <testcase classname="com.InterestAmount.testSuites.LoanTenureCalculatorUICheck_TestCase" name="testLoanAmountSliderCheck" time="0.484"/>
  <system-out/>
  <testcase classname="com.InterestAmount.testSuites.LoanTenureCalculatorUICheck_TestCase" name="testEMISlider" time="0.155"/>
  <system-out/>
  <testcase classname="com.InterestAmount.testSuites.LoanTenureCalculatorUICheck_TestCase" name="testLoanAmountTextBox" time="0.155"/>
  <system-out/>
  <testcase classname="com.InterestAmount.testSuites.LoanTenureCalculatorUICheck_TestCase" name="testInterestRateTextBox" time="0.117"/>
  <system-out/>
  <testcase classname="com.InterestAmount.testSuites.LoanTenureCalculatorUICheck_TestCase" name="testFeeSliderCheck" time="0.490"/>
  <system-out/>
  <testcase classname="com.InterestAmount.testSuites.LoanTenureCalculatorUICheck_TestCase" name="testFeeChargesSlider" time="0.083"/>
  <system-out/>
  <testcase classname="com.InterestAmount.testSuites.LoanTenureCalculatorUICheck_TestCase" name="testClose" time="0.333"/>
  <system-out/>
  <testcase classname="com.InterestAmount.testSuites.LoanTenureCalculatorUICheck_TestCase" name="testEndReport" time="0.120"/>
  <system-out/>
</testsuite> <!-- com.InterestAmount.testSuites.LoanTenureCalculatorUICheck_TestCase -->
