<?xml version="1.0" encoding="UTF-8"?>
<!-- Generated by org.testng.reporters.JUnitReportReporter -->
<testsuite hostname="LAPTOP-Q3LTTOU9" failures="0" tests="16" name="com.InterestAmount.testSuites.LoanEMICalculatorUICheck_TestCase" time="13.678" errors="0" timestamp="2021-07-15T17:32:52 IST" skipped="0">
  <testcase classname="com.InterestAmount.testSuites.LoanEMICalculatorUICheck_TestCase" name="testOpenBrowserTestCase" time="5.687"/>
  <system-out/>
  <testcase classname="com.InterestAmount.testSuites.LoanEMICalculatorUICheck_TestCase" name="testLoanEMICalcNavigate" time="4.356"/>
  <system-out/>
  <testcase classname="com.InterestAmount.testSuites.LoanEMICalculatorUICheck_TestCase" name="testInterestRateSliderCheck" time="0.499"/>
  <system-out/>
  <testcase classname="com.InterestAmount.testSuites.LoanEMICalculatorUICheck_TestCase" name="testInterestRateSlider" time="0.168"/>
  <system-out/>
  <testcase classname="com.InterestAmount.testSuites.LoanEMICalculatorUICheck_TestCase" name="testFeeChargesTextBox" time="0.272"/>
  <system-out/>
  <testcase classname="com.InterestAmount.testSuites.LoanEMICalculatorUICheck_TestCase" name="testLoanAmtTextBox" time="0.113"/>
  <system-out/>
  <testcase classname="com.InterestAmount.testSuites.LoanEMICalculatorUICheck_TestCase" name="testLoanAmtSlider" time="0.085"/>
  <system-out/>
  <testcase classname="com.InterestAmount.testSuites.LoanEMICalculatorUICheck_TestCase" name="testLoanTermSliderCheck" time="0.498"/>
  <system-out/>
  <testcase classname="com.InterestAmount.testSuites.LoanEMICalculatorUICheck_TestCase" name="testLoanTermTextBox" time="0.122"/>
  <system-out/>
  <testcase classname="com.InterestAmount.testSuites.LoanEMICalculatorUICheck_TestCase" name="testFeeChargesSlider" time="0.320"/>
  <system-out/>
  <testcase classname="com.InterestAmount.testSuites.LoanEMICalculatorUICheck_TestCase" name="testLoanAmtSliderCheck" time="0.479"/>
  <system-out/>
  <testcase classname="com.InterestAmount.testSuites.LoanEMICalculatorUICheck_TestCase" name="testLoanTermSlider" time="0.097"/>
  <system-out/>
  <testcase classname="com.InterestAmount.testSuites.LoanEMICalculatorUICheck_TestCase" name="testFeeSliderCheck" time="0.516"/>
  <system-out/>
  <testcase classname="com.InterestAmount.testSuites.LoanEMICalculatorUICheck_TestCase" name="testInterestRateTextBox" time="0.133"/>
  <system-out/>
  <testcase classname="com.InterestAmount.testSuites.LoanEMICalculatorUICheck_TestCase" name="close" time="0.242"/>
  <system-out/>
  <testcase classname="com.InterestAmount.testSuites.LoanEMICalculatorUICheck_TestCase" name="endReport" time="0.091"/>
  <system-out/>
</testsuite> <!-- com.InterestAmount.testSuites.LoanEMICalculatorUICheck_TestCase -->
